2016-12-26 11:18:46,009 INFO  [main] Application : Starting Application on LMA000828 with PID 10028 (started by helmrahi in D:\GL ERP\Socle_appBlank)
2016-12-26 11:18:46,009 INFO  [main] Application : The following profiles are active: production
2016-12-26 11:18:46,400 INFO  [main] AnnotationConfigEmbeddedWebApplicationContext : Refreshing org.springframework.boot.context.embedded.AnnotationConfigEmbeddedWebApplicationContext@757eae0b: startup date [Mon Dec 26 11:18:46 GMT 2016]; root of context hierarchy
2016-12-26 11:18:48,578 INFO  [main] PostProcessorRegistrationDelegate$BeanPostProcessorChecker : Bean 'org.springframework.transaction.annotation.ProxyTransactionManagementConfiguration' of type [class org.springframework.transaction.annotation.ProxyTransactionManagementConfiguration$$EnhancerBySpringCGLIB$$2c7bdfd9] is not eligible for getting processed by all BeanPostProcessors (for example: not eligible for auto-proxying)
2016-12-26 11:18:49,328 INFO  [main] TomcatEmbeddedServletContainer : Tomcat initialized with port(s): 8080 (http)
2016-12-26 11:18:49,343 INFO  [main] StandardService : Starting service Tomcat
2016-12-26 11:18:49,343 INFO  [main] StandardEngine : Starting Servlet Engine: Apache Tomcat/8.0.33
2016-12-26 11:18:49,453 INFO  [localhost-startStop-1] [/] : Initializing Spring embedded WebApplicationContext
2016-12-26 11:18:49,905 INFO  [localhost-startStop-1] ServletRegistrationBean : Mapping servlet: 'dispatcherServlet' to [/]
2016-12-26 11:18:49,921 INFO  [localhost-startStop-1] FilterRegistrationBean : Mapping filter: 'characterEncodingFilter' to: [/*]
2016-12-26 11:18:49,921 INFO  [localhost-startStop-1] FilterRegistrationBean : Mapping filter: 'hiddenHttpMethodFilter' to: [/*]
2016-12-26 11:18:49,921 INFO  [localhost-startStop-1] FilterRegistrationBean : Mapping filter: 'httpPutFormContentFilter' to: [/*]
2016-12-26 11:18:49,921 INFO  [localhost-startStop-1] FilterRegistrationBean : Mapping filter: 'requestContextFilter' to: [/*]
2016-12-26 11:18:50,499 INFO  [main] LocalContainerEntityManagerFactoryBean : Building JPA container EntityManagerFactory for persistence unit 'default'
2016-12-26 11:18:52,418 WARN  [main] ThymeleafAutoConfiguration : Cannot find template location: classpath:/templates/ (please add some templates or check your Thymeleaf configuration)
2016-12-26 11:18:52,980 INFO  [main] AnnotationMBeanExporter : Registering beans for JMX exposure on startup
2016-12-26 11:18:53,058 INFO  [main] TomcatEmbeddedServletContainer : Tomcat started on port(s): 8080 (http)
2016-12-26 11:18:53,152 INFO  [main] Application : Started Application in 7.628 seconds (JVM running for 15.595)
2016-12-26 11:19:01,119 INFO  [http-nio-8080-exec-1] [/] : Initializing Spring FrameworkServlet 'dispatcherServlet'
2016-12-26 11:19:01,586 INFO  [http-nio-8080-exec-7] UserController : appell service getAll ()
2016-12-26 11:19:32,629 INFO  [main] Application : Starting Application on LMA000828 with PID 9948 (started by helmrahi in D:\GL ERP\Socle_appBlank)
2016-12-26 11:19:32,629 INFO  [main] Application : The following profiles are active: production
2016-12-26 11:19:32,972 INFO  [main] AnnotationConfigEmbeddedWebApplicationContext : Refreshing org.springframework.boot.context.embedded.AnnotationConfigEmbeddedWebApplicationContext@20c70799: startup date [Mon Dec 26 11:19:32 GMT 2016]; root of context hierarchy
2016-12-26 11:19:34,939 INFO  [main] PostProcessorRegistrationDelegate$BeanPostProcessorChecker : Bean 'org.springframework.transaction.annotation.ProxyTransactionManagementConfiguration' of type [class org.springframework.transaction.annotation.ProxyTransactionManagementConfiguration$$EnhancerBySpringCGLIB$$1694613c] is not eligible for getting processed by all BeanPostProcessors (for example: not eligible for auto-proxying)
2016-12-26 11:19:35,624 INFO  [main] TomcatEmbeddedServletContainer : Tomcat initialized with port(s): 8080 (http)
2016-12-26 11:19:35,655 INFO  [main] StandardService : Starting service Tomcat
2016-12-26 11:19:35,655 INFO  [main] StandardEngine : Starting Servlet Engine: Apache Tomcat/8.0.33
2016-12-26 11:19:35,764 INFO  [localhost-startStop-1] [/] : Initializing Spring embedded WebApplicationContext
2016-12-26 11:19:36,217 INFO  [localhost-startStop-1] ServletRegistrationBean : Mapping servlet: 'dispatcherServlet' to [/]
2016-12-26 11:19:36,232 INFO  [localhost-startStop-1] FilterRegistrationBean : Mapping filter: 'characterEncodingFilter' to: [/*]
2016-12-26 11:19:36,232 INFO  [localhost-startStop-1] FilterRegistrationBean : Mapping filter: 'hiddenHttpMethodFilter' to: [/*]
2016-12-26 11:19:36,232 INFO  [localhost-startStop-1] FilterRegistrationBean : Mapping filter: 'httpPutFormContentFilter' to: [/*]
2016-12-26 11:19:36,232 INFO  [localhost-startStop-1] FilterRegistrationBean : Mapping filter: 'requestContextFilter' to: [/*]
2016-12-26 11:19:36,747 INFO  [main] LocalContainerEntityManagerFactoryBean : Building JPA container EntityManagerFactory for persistence unit 'default'
2016-12-26 11:19:38,911 WARN  [main] ThymeleafAutoConfiguration : Cannot find template location: classpath:/templates/ (please add some templates or check your Thymeleaf configuration)
2016-12-26 11:19:39,520 INFO  [main] AnnotationMBeanExporter : Registering beans for JMX exposure on startup
2016-12-26 11:19:39,629 INFO  [main] TomcatEmbeddedServletContainer : Tomcat started on port(s): 8080 (http)
2016-12-26 11:19:39,723 INFO  [main] Application : Started Application in 7.626 seconds (JVM running for 15.831)
2016-12-26 11:19:46,176 INFO  [http-nio-8080-exec-1] [/] : Initializing Spring FrameworkServlet 'dispatcherServlet'
2016-12-26 11:19:46,566 INFO  [http-nio-8080-exec-7] UserController : appell service getAll ()
2017-01-03 11:38:12,836 INFO  [main] Application : Starting Application on LMA000828 with PID 7328 (started by helmrahi in D:\GL ERP\Socle_appBlank)
2017-01-03 11:38:12,852 INFO  [main] Application : The following profiles are active: production
2017-01-03 11:38:13,273 INFO  [main] AnnotationConfigEmbeddedWebApplicationContext : Refreshing org.springframework.boot.context.embedded.AnnotationConfigEmbeddedWebApplicationContext@1ba6235c: startup date [Tue Jan 03 11:38:13 GMT 2017]; root of context hierarchy
2017-01-03 11:38:16,721 INFO  [main] PostProcessorRegistrationDelegate$BeanPostProcessorChecker : Bean 'org.springframework.transaction.annotation.ProxyTransactionManagementConfiguration' of type [class org.springframework.transaction.annotation.ProxyTransactionManagementConfiguration$$EnhancerBySpringCGLIB$$b4a04f9c] is not eligible for getting processed by all BeanPostProcessors (for example: not eligible for auto-proxying)
2017-01-03 11:38:16,956 INFO  [main] PostProcessorRegistrationDelegate$BeanPostProcessorChecker : Bean 'org.apache.camel.spring.boot.CamelAutoConfiguration' of type [class org.apache.camel.spring.boot.CamelAutoConfiguration$$EnhancerBySpringCGLIB$$d6ca15bb] is not eligible for getting processed by all BeanPostProcessors (for example: not eligible for auto-proxying)
2017-01-03 11:38:17,923 INFO  [main] TomcatEmbeddedServletContainer : Tomcat initialized with port(s): 8080 (http)
2017-01-03 11:38:17,924 INFO  [main] StandardService : Starting service Tomcat
2017-01-03 11:38:17,924 INFO  [main] StandardEngine : Starting Servlet Engine: Apache Tomcat/8.0.33
2017-01-03 11:38:18,080 INFO  [localhost-startStop-1] [/] : Initializing Spring embedded WebApplicationContext
2017-01-03 11:38:18,610 INFO  [localhost-startStop-1] ServletRegistrationBean : Mapping servlet: 'dispatcherServlet' to [/]
2017-01-03 11:38:18,626 INFO  [localhost-startStop-1] FilterRegistrationBean : Mapping filter: 'characterEncodingFilter' to: [/*]
2017-01-03 11:38:18,626 INFO  [localhost-startStop-1] FilterRegistrationBean : Mapping filter: 'hiddenHttpMethodFilter' to: [/*]
2017-01-03 11:38:18,626 INFO  [localhost-startStop-1] FilterRegistrationBean : Mapping filter: 'httpPutFormContentFilter' to: [/*]
2017-01-03 11:38:18,626 INFO  [localhost-startStop-1] FilterRegistrationBean : Mapping filter: 'requestContextFilter' to: [/*]
2017-01-03 11:38:19,281 INFO  [main] LocalContainerEntityManagerFactoryBean : Building JPA container EntityManagerFactory for persistence unit 'default'
2017-01-03 11:38:22,230 WARN  [main] ThymeleafAutoConfiguration : Cannot find template location: classpath:/templates/ (please add some templates or check your Thymeleaf configuration)
2017-01-03 11:38:23,401 INFO  [main] DefaultTypeConverter : Loaded 199 type converters
2017-01-03 11:38:24,247 INFO  [main] AnnotationMBeanExporter : Registering beans for JMX exposure on startup
2017-01-03 11:38:24,247 INFO  [main] DocumentationPluginsBootstrapper : Context refreshed
2017-01-03 11:38:24,278 INFO  [main] DocumentationPluginsBootstrapper : Found {0} custom documentation plugin(s)
2017-01-03 11:38:24,294 INFO  [main] ApiListingReferenceScanner : Scanning for api listing references
2017-01-03 11:38:24,294 INFO  [main] ClassOrApiAnnotationResourceGrouping : Group for method error was basic-error-controller
2017-01-03 11:38:24,294 INFO  [main] ApiListingReferenceScanner : Request mapping: error belongs to groups: [[ResourceGroup{groupName='basic-error-controller', position=0, controller=org.springframework.boot.autoconfigure.web.BasicErrorController}]] 
2017-01-03 11:38:24,294 INFO  [main] ClassOrApiAnnotationResourceGrouping : Group for method errorHtml was basic-error-controller
2017-01-03 11:38:24,309 INFO  [main] ApiListingReferenceScanner : Request mapping: errorHtml belongs to groups: [[ResourceGroup{groupName='basic-error-controller', position=0, controller=org.springframework.boot.autoconfigure.web.BasicErrorController}]] 
2017-01-03 11:38:24,309 INFO  [main] ClassOrApiAnnotationResourceGrouping : Group for method userInfo was user-controller
2017-01-03 11:38:24,309 INFO  [main] ApiListingReferenceScanner : Request mapping: userInfo belongs to groups: [[ResourceGroup{groupName='user-controller', position=0, controller=main.java.fr.socle.web.crud.jpa.controller.UserController}]] 
2017-01-03 11:38:24,309 INFO  [main] ClassOrApiAnnotationResourceGrouping : Group for method createUser was user-controller
2017-01-03 11:38:24,309 INFO  [main] ApiListingReferenceScanner : Request mapping: createUser belongs to groups: [[ResourceGroup{groupName='user-controller', position=0, controller=main.java.fr.socle.web.crud.jpa.controller.UserController}]] 
2017-01-03 11:38:24,309 INFO  [main] ClassOrApiAnnotationResourceGrouping : Group for method updateUser was user-controller
2017-01-03 11:38:24,309 INFO  [main] ApiListingReferenceScanner : Request mapping: updateUser belongs to groups: [[ResourceGroup{groupName='user-controller', position=0, controller=main.java.fr.socle.web.crud.jpa.controller.UserController}]] 
2017-01-03 11:38:24,309 INFO  [main] ClassOrApiAnnotationResourceGrouping : Group for method deleteUser was user-controller
2017-01-03 11:38:24,309 INFO  [main] ApiListingReferenceScanner : Request mapping: deleteUser belongs to groups: [[ResourceGroup{groupName='user-controller', position=0, controller=main.java.fr.socle.web.crud.jpa.controller.UserController}]] 
2017-01-03 11:38:24,309 INFO  [main] ApiListingReferenceScanner : Created resource listing Path: /default/user-controller Description: user-controller Position: 0
2017-01-03 11:38:24,325 INFO  [main] ApiListingReferenceScanner : Created resource listing Path: /default/basic-error-controller Description: basic-error-controller Position: 0
2017-01-03 11:38:24,340 INFO  [main] ModelContextKeyGenerator : Cache Key Generated: java.util.Map<java.lang.String,java.lang.Object>(true)
2017-01-03 11:38:24,340 INFO  [main] CachingAspect : Caching aspect applied for cache models with key java.util.Map<java.lang.String,java.lang.Object>(true)
2017-01-03 11:38:24,356 INFO  [main] ModelContextKeyGenerator : Cache Key Generated: java.util.Map<java.lang.String,java.lang.Object>(true)
2017-01-03 11:38:24,356 INFO  [main] CachingAspect : Caching aspect applied for cache modelDependencies with key java.util.Map<java.lang.String,java.lang.Object>(true)
2017-01-03 11:38:24,372 INFO  [main] OperationsKeyGenerator : Cache key generated: /error.org.springframework.boot.autoconfigure.web.BasicErrorController.error.DefaultGenericTypeNamingStrategy
2017-01-03 11:38:24,372 INFO  [main] CachingAspect : Caching aspect applied for cache operations with key /error.org.springframework.boot.autoconfigure.web.BasicErrorController.error.DefaultGenericTypeNamingStrategy
2017-01-03 11:38:24,387 INFO  [main] ClassOrApiAnnotationResourceGrouping : Group for method error was basic-error-controller
2017-01-03 11:38:24,387 INFO  [main] ClassOrApiAnnotationResourceGrouping : Group for method error was basic-error-controller
2017-01-03 11:38:24,403 INFO  [main] ClassOrApiAnnotationResourceGrouping : Group for method error was basic-error-controller
2017-01-03 11:38:24,403 INFO  [main] ClassOrApiAnnotationResourceGrouping : Group for method error was basic-error-controller
2017-01-03 11:38:24,403 INFO  [main] ClassOrApiAnnotationResourceGrouping : Group for method error was basic-error-controller
2017-01-03 11:38:24,403 INFO  [main] ClassOrApiAnnotationResourceGrouping : Group for method error was basic-error-controller
2017-01-03 11:38:24,403 INFO  [main] ClassOrApiAnnotationResourceGrouping : Group for method error was basic-error-controller
2017-01-03 11:38:24,403 INFO  [main] ClassOrApiAnnotationResourceGrouping : Group for method error was basic-error-controller
2017-01-03 11:38:24,403 INFO  [main] ClassOrApiAnnotationResourceGrouping : Group for method error was basic-error-controller
2017-01-03 11:38:24,418 INFO  [main] ClassOrApiAnnotationResourceGrouping : Group for method error was basic-error-controller
2017-01-03 11:38:24,418 INFO  [main] ClassOrApiAnnotationResourceGrouping : Group for method error was basic-error-controller
2017-01-03 11:38:24,418 INFO  [main] ClassOrApiAnnotationResourceGrouping : Group for method error was basic-error-controller
2017-01-03 11:38:24,418 INFO  [main] ClassOrApiAnnotationResourceGrouping : Group for method error was basic-error-controller
2017-01-03 11:38:24,418 INFO  [main] ClassOrApiAnnotationResourceGrouping : Group for method error was basic-error-controller
2017-01-03 11:38:24,418 INFO  [main] ClassOrApiAnnotationResourceGrouping : Group for method error was basic-error-controller
2017-01-03 11:38:24,418 INFO  [main] ClassOrApiAnnotationResourceGrouping : Group for method error was basic-error-controller
2017-01-03 11:38:24,434 INFO  [main] ModelContextKeyGenerator : Cache Key Generated: org.springframework.web.servlet.ModelAndView(true)
2017-01-03 11:38:24,434 INFO  [main] CachingAspect : Caching aspect applied for cache models with key org.springframework.web.servlet.ModelAndView(true)
2017-01-03 11:38:24,434 INFO  [main] ModelPropertiesKeyGenerator : Cache key generated: org.springframework.web.servlet.ModelAndView(true)
2017-01-03 11:38:24,434 INFO  [main] CachingAspect : Caching aspect applied for cache modelProperties with key org.springframework.web.servlet.ModelAndView(true)
2017-01-03 11:38:24,484 INFO  [main] ModelContextKeyGenerator : Cache Key Generated: org.springframework.web.servlet.ModelAndView(true)
2017-01-03 11:38:24,499 INFO  [main] CachingAspect : Caching aspect applied for cache modelDependencies with key org.springframework.web.servlet.ModelAndView(true)
2017-01-03 11:38:24,499 INFO  [main] ModelPropertiesKeyGenerator : Cache key generated: org.springframework.web.servlet.ModelAndView(true)
2017-01-03 11:38:24,499 INFO  [main] CachingAspect : Caching aspect applied for cache modelProperties with key org.springframework.web.servlet.ModelAndView(true)
2017-01-03 11:38:24,499 INFO  [main] ModelPropertiesKeyGenerator : Cache key generated: org.springframework.web.servlet.View(true)
2017-01-03 11:38:24,499 INFO  [main] CachingAspect : Caching aspect applied for cache modelProperties with key org.springframework.web.servlet.View(true)
2017-01-03 11:38:24,499 INFO  [main] ModelPropertiesKeyGenerator : Cache key generated: org.springframework.web.servlet.View(true)
2017-01-03 11:38:24,499 INFO  [main] CachingAspect : Caching aspect applied for cache modelProperties with key org.springframework.web.servlet.View(true)
2017-01-03 11:38:24,499 INFO  [main] OperationsKeyGenerator : Cache key generated: /error.org.springframework.boot.autoconfigure.web.BasicErrorController.errorHtml.DefaultGenericTypeNamingStrategy
2017-01-03 11:38:24,499 INFO  [main] CachingAspect : Caching aspect applied for cache operations with key /error.org.springframework.boot.autoconfigure.web.BasicErrorController.errorHtml.DefaultGenericTypeNamingStrategy
2017-01-03 11:38:24,499 INFO  [main] ClassOrApiAnnotationResourceGrouping : Group for method errorHtml was basic-error-controller
2017-01-03 11:38:24,499 INFO  [main] ClassOrApiAnnotationResourceGrouping : Group for method errorHtml was basic-error-controller
2017-01-03 11:38:24,499 INFO  [main] ClassOrApiAnnotationResourceGrouping : Group for method errorHtml was basic-error-controller
2017-01-03 11:38:24,499 INFO  [main] ClassOrApiAnnotationResourceGrouping : Group for method errorHtml was basic-error-controller
2017-01-03 11:38:24,499 INFO  [main] ClassOrApiAnnotationResourceGrouping : Group for method errorHtml was basic-error-controller
2017-01-03 11:38:24,499 INFO  [main] ClassOrApiAnnotationResourceGrouping : Group for method errorHtml was basic-error-controller
2017-01-03 11:38:24,499 INFO  [main] ClassOrApiAnnotationResourceGrouping : Group for method errorHtml was basic-error-controller
2017-01-03 11:38:24,515 INFO  [main] ClassOrApiAnnotationResourceGrouping : Group for method errorHtml was basic-error-controller
2017-01-03 11:38:24,515 INFO  [main] ClassOrApiAnnotationResourceGrouping : Group for method errorHtml was basic-error-controller
2017-01-03 11:38:24,515 INFO  [main] ClassOrApiAnnotationResourceGrouping : Group for method errorHtml was basic-error-controller
2017-01-03 11:38:24,515 INFO  [main] ClassOrApiAnnotationResourceGrouping : Group for method errorHtml was basic-error-controller
2017-01-03 11:38:24,515 INFO  [main] ClassOrApiAnnotationResourceGrouping : Group for method errorHtml was basic-error-controller
2017-01-03 11:38:24,515 INFO  [main] ClassOrApiAnnotationResourceGrouping : Group for method errorHtml was basic-error-controller
2017-01-03 11:38:24,515 INFO  [main] ClassOrApiAnnotationResourceGrouping : Group for method errorHtml was basic-error-controller
2017-01-03 11:38:24,515 INFO  [main] ClassOrApiAnnotationResourceGrouping : Group for method errorHtml was basic-error-controller
2017-01-03 11:38:24,531 INFO  [main] ClassOrApiAnnotationResourceGrouping : Group for method errorHtml was basic-error-controller
2017-01-03 11:38:24,609 INFO  [main] ModelContextKeyGenerator : Cache Key Generated: main.java.fr.socle.web.crud.jpa.model.ResponseObject(true)
2017-01-03 11:38:24,609 INFO  [main] CachingAspect : Caching aspect applied for cache models with key main.java.fr.socle.web.crud.jpa.model.ResponseObject(true)
2017-01-03 11:38:24,609 INFO  [main] ModelPropertiesKeyGenerator : Cache key generated: main.java.fr.socle.web.crud.jpa.model.ResponseObject(true)
2017-01-03 11:38:24,609 INFO  [main] CachingAspect : Caching aspect applied for cache modelProperties with key main.java.fr.socle.web.crud.jpa.model.ResponseObject(true)
2017-01-03 11:38:24,609 INFO  [main] ModelContextKeyGenerator : Cache Key Generated: main.java.fr.socle.web.crud.jpa.model.ResponseObject(true)
2017-01-03 11:38:24,609 INFO  [main] CachingAspect : Caching aspect applied for cache modelDependencies with key main.java.fr.socle.web.crud.jpa.model.ResponseObject(true)
2017-01-03 11:38:24,609 INFO  [main] ModelPropertiesKeyGenerator : Cache key generated: main.java.fr.socle.web.crud.jpa.model.ResponseObject(true)
2017-01-03 11:38:24,609 INFO  [main] CachingAspect : Caching aspect applied for cache modelProperties with key main.java.fr.socle.web.crud.jpa.model.ResponseObject(true)
2017-01-03 11:38:24,624 INFO  [main] ModelContextKeyGenerator : Cache Key Generated: main.java.fr.socle.web.crud.jpa.model.User(false)
2017-01-03 11:38:24,624 INFO  [main] CachingAspect : Caching aspect applied for cache models with key main.java.fr.socle.web.crud.jpa.model.User(false)
2017-01-03 11:38:24,624 INFO  [main] ModelPropertiesKeyGenerator : Cache key generated: main.java.fr.socle.web.crud.jpa.model.User(false)
2017-01-03 11:38:24,624 INFO  [main] CachingAspect : Caching aspect applied for cache modelProperties with key main.java.fr.socle.web.crud.jpa.model.User(false)
2017-01-03 11:38:24,624 INFO  [main] ModelContextKeyGenerator : Cache Key Generated: main.java.fr.socle.web.crud.jpa.model.User(false)
2017-01-03 11:38:24,624 INFO  [main] CachingAspect : Caching aspect applied for cache modelDependencies with key main.java.fr.socle.web.crud.jpa.model.User(false)
2017-01-03 11:38:24,624 INFO  [main] ModelPropertiesKeyGenerator : Cache key generated: main.java.fr.socle.web.crud.jpa.model.User(false)
2017-01-03 11:38:24,624 INFO  [main] CachingAspect : Caching aspect applied for cache modelProperties with key main.java.fr.socle.web.crud.jpa.model.User(false)
2017-01-03 11:38:24,624 INFO  [main] OperationsKeyGenerator : Cache key generated: /users.main.java.fr.socle.web.crud.jpa.controller.UserController.createUser.DefaultGenericTypeNamingStrategy
2017-01-03 11:38:24,624 INFO  [main] CachingAspect : Caching aspect applied for cache operations with key /users.main.java.fr.socle.web.crud.jpa.controller.UserController.createUser.DefaultGenericTypeNamingStrategy
2017-01-03 11:38:24,640 INFO  [main] ClassOrApiAnnotationResourceGrouping : Group for method createUser was user-controller
2017-01-03 11:38:24,640 INFO  [main] ClassOrApiAnnotationResourceGrouping : Group for method createUser was user-controller
2017-01-03 11:38:24,640 INFO  [main] ModelContextKeyGenerator : Cache Key Generated: java.lang.String(false)
2017-01-03 11:38:24,640 INFO  [main] CachingAspect : Caching aspect applied for cache models with key java.lang.String(false)
2017-01-03 11:38:24,640 INFO  [main] ModelContextKeyGenerator : Cache Key Generated: java.lang.String(false)
2017-01-03 11:38:24,640 INFO  [main] CachingAspect : Caching aspect applied for cache modelDependencies with key java.lang.String(false)
2017-01-03 11:38:24,640 INFO  [main] ModelContextKeyGenerator : Cache Key Generated: main.java.fr.socle.web.crud.jpa.model.ResponseObject(true)
2017-01-03 11:38:24,640 INFO  [main] CachingAspect : Caching aspect applied for cache models with key main.java.fr.socle.web.crud.jpa.model.ResponseObject(true)
2017-01-03 11:38:24,640 INFO  [main] ModelContextKeyGenerator : Cache Key Generated: main.java.fr.socle.web.crud.jpa.model.ResponseObject(true)
2017-01-03 11:38:24,640 INFO  [main] CachingAspect : Caching aspect applied for cache modelDependencies with key main.java.fr.socle.web.crud.jpa.model.ResponseObject(true)
2017-01-03 11:38:24,640 INFO  [main] OperationsKeyGenerator : Cache key generated: /users.main.java.fr.socle.web.crud.jpa.controller.UserController.deleteUser.DefaultGenericTypeNamingStrategy
2017-01-03 11:38:24,640 INFO  [main] CachingAspect : Caching aspect applied for cache operations with key /users.main.java.fr.socle.web.crud.jpa.controller.UserController.deleteUser.DefaultGenericTypeNamingStrategy
2017-01-03 11:38:24,640 INFO  [main] ClassOrApiAnnotationResourceGrouping : Group for method deleteUser was user-controller
2017-01-03 11:38:24,640 INFO  [main] ClassOrApiAnnotationResourceGrouping : Group for method deleteUser was user-controller
2017-01-03 11:38:24,640 INFO  [main] ModelContextKeyGenerator : Cache Key Generated: main.java.fr.socle.web.crud.jpa.model.ResponseObject(true)
2017-01-03 11:38:24,640 INFO  [main] CachingAspect : Caching aspect applied for cache models with key main.java.fr.socle.web.crud.jpa.model.ResponseObject(true)
2017-01-03 11:38:24,640 INFO  [main] ModelContextKeyGenerator : Cache Key Generated: main.java.fr.socle.web.crud.jpa.model.ResponseObject(true)
2017-01-03 11:38:24,640 INFO  [main] CachingAspect : Caching aspect applied for cache modelDependencies with key main.java.fr.socle.web.crud.jpa.model.ResponseObject(true)
2017-01-03 11:38:24,640 INFO  [main] ModelContextKeyGenerator : Cache Key Generated: main.java.fr.socle.web.crud.jpa.model.User(false)
2017-01-03 11:38:24,640 INFO  [main] CachingAspect : Caching aspect applied for cache models with key main.java.fr.socle.web.crud.jpa.model.User(false)
2017-01-03 11:38:24,640 INFO  [main] ModelContextKeyGenerator : Cache Key Generated: main.java.fr.socle.web.crud.jpa.model.User(false)
2017-01-03 11:38:24,640 INFO  [main] CachingAspect : Caching aspect applied for cache modelDependencies with key main.java.fr.socle.web.crud.jpa.model.User(false)
2017-01-03 11:38:24,640 INFO  [main] OperationsKeyGenerator : Cache key generated: /users.main.java.fr.socle.web.crud.jpa.controller.UserController.updateUser.DefaultGenericTypeNamingStrategy
2017-01-03 11:38:24,640 INFO  [main] CachingAspect : Caching aspect applied for cache operations with key /users.main.java.fr.socle.web.crud.jpa.controller.UserController.updateUser.DefaultGenericTypeNamingStrategy
2017-01-03 11:38:24,640 INFO  [main] ClassOrApiAnnotationResourceGrouping : Group for method updateUser was user-controller
2017-01-03 11:38:24,655 INFO  [main] ClassOrApiAnnotationResourceGrouping : Group for method updateUser was user-controller
2017-01-03 11:38:24,655 INFO  [main] ModelContextKeyGenerator : Cache Key Generated: java.util.List<main.java.fr.socle.web.crud.jpa.model.User>(true)
2017-01-03 11:38:24,655 INFO  [main] CachingAspect : Caching aspect applied for cache models with key java.util.List<main.java.fr.socle.web.crud.jpa.model.User>(true)
2017-01-03 11:38:24,655 INFO  [main] ModelContextKeyGenerator : Cache Key Generated: java.util.List<main.java.fr.socle.web.crud.jpa.model.User>(true)
2017-01-03 11:38:24,655 INFO  [main] CachingAspect : Caching aspect applied for cache modelDependencies with key java.util.List<main.java.fr.socle.web.crud.jpa.model.User>(true)
2017-01-03 11:38:24,655 INFO  [main] ModelPropertiesKeyGenerator : Cache key generated: main.java.fr.socle.web.crud.jpa.model.User(true)
2017-01-03 11:38:24,655 INFO  [main] CachingAspect : Caching aspect applied for cache modelProperties with key main.java.fr.socle.web.crud.jpa.model.User(true)
2017-01-03 11:38:24,655 INFO  [main] ModelPropertiesKeyGenerator : Cache key generated: java.util.List<main.java.fr.socle.web.crud.jpa.model.User>(true)
2017-01-03 11:38:24,655 INFO  [main] CachingAspect : Caching aspect applied for cache modelProperties with key java.util.List<main.java.fr.socle.web.crud.jpa.model.User>(true)
2017-01-03 11:38:24,655 INFO  [main] ModelPropertiesKeyGenerator : Cache key generated: main.java.fr.socle.web.crud.jpa.model.User(true)
2017-01-03 11:38:24,655 INFO  [main] CachingAspect : Caching aspect applied for cache modelProperties with key main.java.fr.socle.web.crud.jpa.model.User(true)
2017-01-03 11:38:24,655 INFO  [main] OperationsKeyGenerator : Cache key generated: /users.main.java.fr.socle.web.crud.jpa.controller.UserController.userInfo.DefaultGenericTypeNamingStrategy
2017-01-03 11:38:24,655 INFO  [main] CachingAspect : Caching aspect applied for cache operations with key /users.main.java.fr.socle.web.crud.jpa.controller.UserController.userInfo.DefaultGenericTypeNamingStrategy
2017-01-03 11:38:24,655 INFO  [main] ClassOrApiAnnotationResourceGrouping : Group for method userInfo was user-controller
2017-01-03 11:38:24,655 INFO  [main] ClassOrApiAnnotationResourceGrouping : Group for method userInfo was user-controller
2017-01-03 11:38:24,749 INFO  [main] StandardService : Stopping service Tomcat
2017-01-03 11:38:24,796 ERROR [main] SpringApplication : Application startup failed
org.apache.camel.spring.boot.CamelSpringBootInitializationException: org.apache.camel.RuntimeCamelException: java.lang.IllegalArgumentException: PropertiesComponent with name properties must be defined in CamelContext to support property placeholders. Property with key [files.in] not found in properties from text: file:///{{files.in}}?antInclude={{files.pattern}}&move={{files.done}}
	at org.apache.camel.spring.boot.RoutesCollector.onApplicationEvent(RoutesCollector.java:88)
	at org.apache.camel.spring.boot.RoutesCollector.onApplicationEvent(RoutesCollector.java:41)
	at org.springframework.context.event.SimpleApplicationEventMulticaster.invokeListener(SimpleApplicationEventMulticaster.java:166)
	at org.springframework.context.event.SimpleApplicationEventMulticaster.multicastEvent(SimpleApplicationEventMulticaster.java:138)
	at org.springframework.context.support.AbstractApplicationContext.publishEvent(AbstractApplicationContext.java:381)
	at org.springframework.context.support.AbstractApplicationContext.publishEvent(AbstractApplicationContext.java:335)
	at org.springframework.context.support.AbstractApplicationContext.finishRefresh(AbstractApplicationContext.java:855)
	at org.springframework.boot.context.embedded.EmbeddedWebApplicationContext.finishRefresh(EmbeddedWebApplicationContext.java:140)
	at org.springframework.context.support.AbstractApplicationContext.refresh(AbstractApplicationContext.java:541)
	at org.springframework.boot.context.embedded.EmbeddedWebApplicationContext.refresh(EmbeddedWebApplicationContext.java:118)
	at org.springframework.boot.SpringApplication.refresh(SpringApplication.java:766)
	at org.springframework.boot.SpringApplication.createAndRefreshContext(SpringApplication.java:361)
	at org.springframework.boot.SpringApplication.run(SpringApplication.java:307)
	at main.java.fr.socle.web.Application.main(Application.java:29)
	at sun.reflect.NativeMethodAccessorImpl.invoke0(Native Method)
	at sun.reflect.NativeMethodAccessorImpl.invoke(NativeMethodAccessorImpl.java:62)
	at sun.reflect.DelegatingMethodAccessorImpl.invoke(DelegatingMethodAccessorImpl.java:43)
	at java.lang.reflect.Method.invoke(Method.java:497)
	at org.springframework.boot.maven.AbstractRunMojo$LaunchRunner.run(AbstractRunMojo.java:478)
	at java.lang.Thread.run(Thread.java:745)
Caused by: org.apache.camel.RuntimeCamelException: java.lang.IllegalArgumentException: PropertiesComponent with name properties must be defined in CamelContext to support property placeholders. Property with key [files.in] not found in properties from text: file:///{{files.in}}?antInclude={{files.pattern}}&move={{files.done}}
	at org.apache.camel.util.ObjectHelper.wrapRuntimeCamelException(ObjectHelper.java:1690)
	at org.apache.camel.model.RouteDefinitionHelper.initRouteInputs(RouteDefinitionHelper.java:380)
	at org.apache.camel.model.RouteDefinitionHelper.prepareRouteImp(RouteDefinitionHelper.java:298)
	at org.apache.camel.model.RouteDefinitionHelper.prepareRoute(RouteDefinitionHelper.java:270)
	at org.apache.camel.model.RoutesDefinition.route(RoutesDefinition.java:204)
	at org.apache.camel.model.RoutesDefinition.from(RoutesDefinition.java:157)
	at org.apache.camel.builder.RouteBuilder.from(RouteBuilder.java:142)
	at main.java.fr.socle.web.ProcessXMLFilesRoutes.configure(ProcessXMLFilesRoutes.java:11)
	at org.apache.camel.builder.RouteBuilder.checkInitialized(RouteBuilder.java:403)
	at org.apache.camel.builder.RouteBuilder.configureRoutes(RouteBuilder.java:343)
	at org.apache.camel.builder.RouteBuilder.addRoutesToCamelContext(RouteBuilder.java:326)
	at org.apache.camel.impl.DefaultCamelContext$1.call(DefaultCamelContext.java:869)
	at org.apache.camel.impl.DefaultCamelContext$1.call(DefaultCamelContext.java:866)
	at org.apache.camel.impl.DefaultCamelContext.doWithDefinedClassLoader(DefaultCamelContext.java:2976)
	at org.apache.camel.impl.DefaultCamelContext.addRoutes(DefaultCamelContext.java:866)
	at org.apache.camel.spring.boot.RoutesCollector.onApplicationEvent(RoutesCollector.java:86)
	... 19 common frames omitted
Caused by: java.lang.IllegalArgumentException: PropertiesComponent with name properties must be defined in CamelContext to support property placeholders. Property with key [files.in] not found in properties from text: file:///{{files.in}}?antInclude={{files.pattern}}&move={{files.done}}
	at org.apache.camel.component.properties.DefaultPropertiesParser$ParsingContext.getPropertyValue(DefaultPropertiesParser.java:268)
	at org.apache.camel.component.properties.DefaultPropertiesParser$ParsingContext.readProperty(DefaultPropertiesParser.java:154)
	at org.apache.camel.component.properties.DefaultPropertiesParser$ParsingContext.doParse(DefaultPropertiesParser.java:113)
	at org.apache.camel.component.properties.DefaultPropertiesParser$ParsingContext.parse(DefaultPropertiesParser.java:97)
	at org.apache.camel.component.properties.DefaultPropertiesParser.parseUri(DefaultPropertiesParser.java:62)
	at org.apache.camel.component.properties.PropertiesComponent.parseUri(PropertiesComponent.java:209)
	at org.apache.camel.component.properties.PropertiesComponent.parseUri(PropertiesComponent.java:160)
	at org.apache.camel.impl.DefaultCamelContext.resolvePropertyPlaceholders(DefaultCamelContext.java:2348)
	at org.apache.camel.model.ProcessorDefinitionHelper.resolvePropertyPlaceholders(ProcessorDefinitionHelper.java:734)
	at org.apache.camel.model.RouteDefinitionHelper.initRouteInputs(RouteDefinitionHelper.java:378)
	... 33 common frames omitted
2017-01-03 11:38:24,796 INFO  [main] ClasspathLoggingApplicationListener : Application failed to start with classpath: [file:/D:/GL%20ERP/Socle_appBlank/target/classes/, file:/C:/Users/helmrahi/.m2/repository/com/sun/xml/bind/jaxb-core/2.2.11/jaxb-core-2.2.11.jar, file:/C:/Users/helmrahi/.m2/repository/org/springframework/spring-expression/4.2.6.RELEASE/spring-expression-4.2.6.RELEASE.jar, file:/C:/Users/helmrahi/.m2/repository/org/springframework/boot/spring-boot-starter-thymeleaf/1.3.5.RELEASE/spring-boot-starter-thymeleaf-1.3.5.RELEASE.jar, file:/C:/Users/helmrahi/.m2/repository/aopalliance/aopalliance/1.0/aopalliance-1.0.jar, file:/C:/Users/helmrahi/.m2/repository/org/springframework/spring-aop/4.2.6.RELEASE/spring-aop-4.2.6.RELEASE.jar, file:/C:/Users/helmrahi/.m2/repository/org/thymeleaf/thymeleaf-spring4/2.1.4.RELEASE/thymeleaf-spring4-2.1.4.RELEASE.jar, file:/C:/Users/helmrahi/.m2/repository/org/springframework/data/spring-data-commons/1.11.4.RELEASE/spring-data-commons-1.11.4.RELEASE.jar, file:/C:/Users/helmrahi/.m2/repository/org/springframework/data/spring-data-jpa/1.9.4.RELEASE/spring-data-jpa-1.9.4.RELEASE.jar, file:/C:/Users/helmrahi/.m2/repository/org/apache/camel/camel-http-starter/2.18.0/camel-http-starter-2.18.0.jar, file:/C:/Users/helmrahi/.m2/repository/org/springframework/spring-web/4.2.6.RELEASE/spring-web-4.2.6.RELEASE.jar, file:/C:/Users/helmrahi/.m2/repository/org/springframework/spring-beans/4.2.6.RELEASE/spring-beans-4.2.6.RELEASE.jar, file:/C:/Users/helmrahi/.m2/repository/com/github/ben-manes/caffeine/caffeine/2.3.3/caffeine-2.3.3.jar, file:/C:/Users/helmrahi/.m2/repository/org/springframework/boot/spring-boot-starter-tomcat/1.3.5.RELEASE/spring-boot-starter-tomcat-1.3.5.RELEASE.jar, file:/C:/Users/helmrahi/.m2/repository/org/apache/tomcat/embed/tomcat-embed-el/8.0.33/tomcat-embed-el-8.0.33.jar, file:/C:/Users/helmrahi/.m2/repository/commons-logging/commons-logging/1.2/commons-logging-1.2.jar, file:/C:/Users/helmrahi/.m2/repository/javax/validation/validation-api/1.1.0.Final/validation-api-1.1.0.Final.jar, file:/C:/Users/helmrahi/.m2/repository/dom4j/dom4j/1.6.1/dom4j-1.6.1.jar, file:/C:/Users/helmrahi/.m2/repository/org/slf4j/jcl-over-slf4j/1.7.21/jcl-over-slf4j-1.7.21.jar, file:/C:/Users/helmrahi/.m2/repository/org/springframework/boot/spring-boot-starter-data-jpa/1.3.5.RELEASE/spring-boot-starter-data-jpa-1.3.5.RELEASE.jar, file:/C:/Users/helmrahi/.m2/repository/org/aspectj/aspectjweaver/1.8.9/aspectjweaver-1.8.9.jar, file:/C:/Users/helmrahi/.m2/repository/org/springframework/spring-tx/4.2.6.RELEASE/spring-tx-4.2.6.RELEASE.jar, file:/C:/Users/helmrahi/.m2/repository/org/springframework/boot/spring-boot-starter-web/1.3.5.RELEASE/spring-boot-starter-web-1.3.5.RELEASE.jar, file:/C:/Users/helmrahi/.m2/repository/org/unbescape/unbescape/1.1.0.RELEASE/unbescape-1.1.0.RELEASE.jar, file:/C:/Users/helmrahi/.m2/repository/org/hibernate/hibernate-core/4.3.11.Final/hibernate-core-4.3.11.Final.jar, file:/C:/Users/helmrahi/.m2/repository/org/jboss/jandex/1.1.0.Final/jandex-1.1.0.Final.jar, file:/C:/Users/helmrahi/.m2/repository/org/hibernate/javax/persistence/hibernate-jpa-2.1-api/1.0.0.Final/hibernate-jpa-2.1-api-1.0.0.Final.jar, file:/C:/Users/helmrahi/.m2/repository/org/springframework/boot/spring-boot-starter-validation/1.3.5.RELEASE/spring-boot-starter-validation-1.3.5.RELEASE.jar, file:/C:/Users/helmrahi/.m2/repository/org/apache/camel/camel-http/2.18.0/camel-http-2.18.0.jar, file:/C:/Users/helmrahi/.m2/repository/org/hibernate/hibernate-entitymanager/4.3.11.Final/hibernate-entitymanager-4.3.11.Final.jar, file:/C:/Users/helmrahi/.m2/repository/org/mapstruct/mapstruct/1.0.0.CR1/mapstruct-1.0.0.CR1.jar, file:/C:/Users/helmrahi/.m2/repository/commons-codec/commons-codec/1.10/commons-codec-1.10.jar, file:/C:/Users/helmrahi/.m2/repository/org/apache/tomcat/tomcat-juli/8.0.33/tomcat-juli-8.0.33.jar, file:/C:/Users/helmrahi/.m2/repository/org/javassist/javassist/3.18.1-GA/javassist-3.18.1-GA.jar, file:/C:/Users/helmrahi/.m2/repository/io/springfox/springfox-swagger-ui/2.2.2/springfox-swagger-ui-2.2.2.jar, file:/C:/Users/helmrahi/.m2/repository/org/hibernate/common/hibernate-commons-annotations/4.0.5.Final/hibernate-commons-annotations-4.0.5.Final.jar, file:/C:/Users/helmrahi/.m2/repository/org/springframework/boot/spring-boot-starter/1.3.5.RELEASE/spring-boot-starter-1.3.5.RELEASE.jar, file:/C:/Users/helmrahi/.m2/repository/org/slf4j/slf4j-api/1.7.21/slf4j-api-1.7.21.jar, file:/C:/Users/helmrahi/.m2/repository/io/swagger/swagger-models/1.5.3/swagger-models-1.5.3.jar, file:/C:/Users/helmrahi/.m2/repository/javax/servlet/javax.servlet-api/3.1.0/javax.servlet-api-3.1.0.jar, file:/C:/Users/helmrahi/.m2/repository/com/sun/xml/bind/jaxb-impl/2.2.11/jaxb-impl-2.2.11.jar, file:/C:/Users/helmrahi/.m2/repository/ognl/ognl/3.0.8/ognl-3.0.8.jar, file:/C:/Users/helmrahi/.m2/repository/org/jboss/logging/jboss-logging-annotations/1.2.0.Beta1/jboss-logging-annotations-1.2.0.Beta1.jar, file:/C:/Users/helmrahi/.m2/repository/com/google/guava/guava/18.0/guava-18.0.jar, file:/C:/Users/helmrahi/.m2/repository/org/springframework/spring-jdbc/4.2.6.RELEASE/spring-jdbc-4.2.6.RELEASE.jar, file:/C:/Users/helmrahi/.m2/repository/org/springframework/boot/spring-boot-starter-jdbc/1.3.5.RELEASE/spring-boot-starter-jdbc-1.3.5.RELEASE.jar, file:/C:/Users/helmrahi/.m2/repository/ch/qos/logback/logback-classic/1.1.7/logback-classic-1.1.7.jar, file:/C:/Users/helmrahi/.m2/repository/com/h2database/h2/1.4.191/h2-1.4.191.jar, file:/C:/Users/helmrahi/.m2/repository/org/springframework/plugin/spring-plugin-core/1.2.0.RELEASE/spring-plugin-core-1.2.0.RELEASE.jar, file:/C:/Users/helmrahi/.m2/repository/org/jboss/logging/jboss-logging/3.3.0.Final/jboss-logging-3.3.0.Final.jar, file:/C:/Users/helmrahi/.m2/repository/io/springfox/springfox-spring-web/2.2.2/springfox-spring-web-2.2.2.jar, file:/C:/Users/helmrahi/.m2/repository/com/fasterxml/classmate/1.2.0/classmate-1.2.0.jar, file:/C:/Users/helmrahi/.m2/repository/org/slf4j/jul-to-slf4j/1.7.21/jul-to-slf4j-1.7.21.jar, file:/C:/Users/helmrahi/.m2/repository/org/hibernate/hibernate-validator/5.2.4.Final/hibernate-validator-5.2.4.Final.jar, file:/C:/Users/helmrahi/.m2/repository/org/aspectj/aspectjrt/1.8.9/aspectjrt-1.8.9.jar, file:/C:/Users/helmrahi/.m2/repository/io/springfox/springfox-swagger2/2.2.2/springfox-swagger2-2.2.2.jar, file:/C:/Users/helmrahi/.m2/repository/xml-apis/xml-apis/1.0.b2/xml-apis-1.0.b2.jar, file:/C:/Users/helmrahi/.m2/repository/org/springframework/hateoas/spring-hateoas/0.19.0.RELEASE/spring-hateoas-0.19.0.RELEASE.jar, file:/C:/Users/helmrahi/.m2/repository/antlr/antlr/2.7.7/antlr-2.7.7.jar, file:/C:/Users/helmrahi/.m2/repository/org/springframework/boot/spring-boot-autoconfigure/1.3.5.RELEASE/spring-boot-autoconfigure-1.3.5.RELEASE.jar, file:/C:/Users/helmrahi/.m2/repository/org/apache/tomcat/embed/tomcat-embed-core/8.0.33/tomcat-embed-core-8.0.33.jar, file:/C:/Users/helmrahi/.m2/repository/org/springframework/plugin/spring-plugin-metadata/1.2.0.RELEASE/spring-plugin-metadata-1.2.0.RELEASE.jar, file:/C:/Users/helmrahi/.m2/repository/org/thymeleaf/thymeleaf/2.1.4.RELEASE/thymeleaf-2.1.4.RELEASE.jar, file:/C:/Users/helmrahi/.m2/repository/org/apache/tomcat/embed/tomcat-embed-logging-juli/8.0.33/tomcat-embed-logging-juli-8.0.33.jar, file:/C:/Users/helmrahi/.m2/repository/org/apache/tomcat/embed/tomcat-embed-websocket/8.0.33/tomcat-embed-websocket-8.0.33.jar, file:/C:/Users/helmrahi/.m2/repository/org/apache/camel/camel-spring-boot-starter/2.18.0/camel-spring-boot-starter-2.18.0.jar, file:/C:/Users/helmrahi/.m2/repository/org/springframework/boot/spring-boot/1.3.5.RELEASE/spring-boot-1.3.5.RELEASE.jar, file:/C:/Users/helmrahi/.m2/repository/io/springfox/springfox-spi/2.2.2/springfox-spi-2.2.2.jar, file:/C:/Users/helmrahi/.m2/repository/com/fasterxml/jackson/core/jackson-core/2.6.6/jackson-core-2.6.6.jar, file:/C:/Users/helmrahi/.m2/repository/org/springframework/spring-webmvc/4.2.6.RELEASE/spring-webmvc-4.2.6.RELEASE.jar, file:/C:/Users/helmrahi/.m2/repository/org/slf4j/log4j-over-slf4j/1.7.21/log4j-over-slf4j-1.7.21.jar, file:/C:/Users/helmrahi/.m2/repository/org/yaml/snakeyaml/1.16/snakeyaml-1.16.jar, file:/C:/Users/helmrahi/.m2/repository/org/apache/camel/camel-spring-boot/2.18.0/camel-spring-boot-2.18.0.jar, file:/C:/Users/helmrahi/.m2/repository/org/springframework/spring-core/4.2.6.RELEASE/spring-core-4.2.6.RELEASE.jar, file:/C:/Users/helmrahi/.m2/repository/org/apache/camel/camel-http-common/2.18.0/camel-http-common-2.18.0.jar, file:/C:/Users/helmrahi/.m2/repository/org/apache/camel/camel-core-starter/2.18.0/camel-core-starter-2.18.0.jar, file:/C:/Users/helmrahi/.m2/repository/io/swagger/swagger-annotations/1.5.3/swagger-annotations-1.5.3.jar, file:/C:/Users/helmrahi/.m2/repository/org/apache/tomcat/tomcat-jdbc/8.0.33/tomcat-jdbc-8.0.33.jar, file:/C:/Users/helmrahi/.m2/repository/org/springframework/spring-orm/4.2.6.RELEASE/spring-orm-4.2.6.RELEASE.jar, file:/C:/Users/helmrahi/.m2/repository/nz/net/ultraq/thymeleaf/thymeleaf-layout-dialect/1.3.3/thymeleaf-layout-dialect-1.3.3.jar, file:/C:/Users/helmrahi/.m2/repository/com/fasterxml/jackson/module/jackson-module-jaxb-annotations/2.6.6/jackson-module-jaxb-annotations-2.6.6.jar, file:/C:/Users/helmrahi/.m2/repository/com/fasterxml/jackson/core/jackson-databind/2.6.6/jackson-databind-2.6.6.jar, file:/C:/Users/helmrahi/.m2/repository/org/codehaus/woodstox/stax2-api/3.1.4/stax2-api-3.1.4.jar, file:/C:/Users/helmrahi/.m2/repository/io/springfox/springfox-schema/2.2.2/springfox-schema-2.2.2.jar, file:/C:/Users/helmrahi/.m2/repository/io/springfox/springfox-swagger-common/2.2.2/springfox-swagger-common-2.2.2.jar, file:/C:/Users/helmrahi/.m2/repository/org/springframework/boot/spring-boot-starter-logging/1.3.5.RELEASE/spring-boot-starter-logging-1.3.5.RELEASE.jar, file:/C:/Users/helmrahi/.m2/repository/javax/transaction/javax.transaction-api/1.2/javax.transaction-api-1.2.jar, file:/C:/Users/helmrahi/.m2/repository/org/apache/camel/camel-core/2.18.0/camel-core-2.18.0.jar, file:/C:/Users/helmrahi/.m2/repository/org/apache/camel/camel-spring/2.18.0/camel-spring-2.18.0.jar, file:/C:/Users/helmrahi/.m2/repository/org/codehaus/groovy/groovy/2.4.6/groovy-2.4.6.jar, file:/C:/Users/helmrahi/.m2/repository/org/springframework/spring-context/4.2.6.RELEASE/spring-context-4.2.6.RELEASE.jar, file:/C:/Users/helmrahi/.m2/repository/org/springframework/boot/spring-boot-starter-aop/1.3.5.RELEASE/spring-boot-starter-aop-1.3.5.RELEASE.jar, file:/C:/Users/helmrahi/.m2/repository/io/springfox/springfox-core/2.2.2/springfox-core-2.2.2.jar, file:/C:/Users/helmrahi/.m2/repository/ch/qos/logback/logback-core/1.1.7/logback-core-1.1.7.jar, file:/C:/Users/helmrahi/.m2/repository/com/fasterxml/jackson/core/jackson-annotations/2.6.6/jackson-annotations-2.6.6.jar, file:/C:/Users/helmrahi/.m2/repository/com/fasterxml/jackson/dataformat/jackson-dataformat-xml/2.6.6/jackson-dataformat-xml-2.6.6.jar, file:/C:/Users/helmrahi/.m2/repository/org/springframework/spring-aspects/4.2.6.RELEASE/spring-aspects-4.2.6.RELEASE.jar, file:/C:/Users/helmrahi/.m2/repository/commons-httpclient/commons-httpclient/3.1/commons-httpclient-3.1.jar]
